Total number of processors :        1
Grid dimensions :        1
+----------------------------------+
| EXCITING version 0.9.224 started |
+----------------------------------+

Date (YYYY-MM-DD) : 2010-01-29
Time (hh:mm:ss)   : 16:01:45

All units are atomic (Hartree, Bohr, etc.)

+-------------------------------------------------+
| Ground-state run starting from atomic densities |
+-------------------------------------------------+

Lattice vectors :
   0.000000000       3.826298561       3.826298561    
   3.826298561       0.000000000       3.826298561    
   3.826298561       3.826298561       0.000000000    

Reciprocal lattice vectors :
 -0.8210526710      0.8210526710      0.8210526710    
  0.8210526710     -0.8210526710      0.8210526710    
  0.8210526710      0.8210526710     -0.8210526710    

Unit cell volume      :    112.0383125    
Brillouin zone volume :    2.213976700    

Species :    1 (Al)
 parameters loaded from : Al.in
 name : aluminium
 nuclear charge    :   -13.00000000    
 electronic charge :    13.00000000    
 atomic mass :    49184.33493    
 muffin-tin radius :    2.000000000    
 number of radial points in muffin-tin :    397
 atomic positions (lattice), magnetic fields (Cartesian) :
   1 :   0.00000000  0.00000000  0.00000000    0.00000000  0.00000000  0.00000000

Total number of atoms per unit cell :    1

Spin treatment :
 spin-unpolarised

Number of Bravais lattice symmetries :   48
Number of crystal symmetries         :   48

k-point grid :     10    10    10
k-point offset :    0.000000000       0.000000000       0.000000000    
k-point set is reduced with crystal symmetries
Total number of k-points :       47

Smallest muffin-tin radius times maximum |G+k| :    7.000000000    
Species with smallest (or selected) muffin-tin radius :    1 (Al)
Maximum |G+k| for APW functions       :    3.500000000    
Maximum |G| for potential and density :    12.00000000    
Polynomial order for pseudocharge density :    9

G-vector grid sizes :     24    24    24
Total number of G-vectors :     3287

Maximum angular momentum used for
 APW functions                     :    8
 computing H and O matrix elements :    5
 potential and density             :    7
 inner part of muffin-tin          :    2

Total nuclear charge    :   -13.00000000    
Total core charge       :    4.000000000    
Total valence charge    :    9.000000000    
Total excess charge     :    0.000000000    
Total electronic charge :    13.00000000    

Effective Wigner radius, r_s :    1.271876274    

Number of empty states         :   60
Total number of valence states :   65

Total number of local-orbitals :   12

Exchange-correlation type :    3
 Perdew-Wang/Ceperley-Alder, Phys. Rev. B 45, 13244 (1992)

Smearing scheme :
 Gaussian
Smearing width :   0.1000000000E-02

Radial integration step length :    4

Density and potential initialised from atomic data

+------------------------------+
| Self-consistent loop started |
+------------------------------+

+-------------------------+
| Iteration number :    1 |
+-------------------------+

Energies :
 Fermi                       :     0.251859910962    
 sum of eigenvalues          :     -128.981180734    
 electronic kinetic          :      242.216156879    
 core electron kinetic       :      179.761544348    
 Coulomb                     :     -466.155619123    
 Coulomb potential           :     -347.843889106    
 nuclear-nuclear             :     -43.4835008581    
 electron-nuclear            :     -497.500347424    
 Hartree                     :      74.8282291594    
 Madelung                    :     -292.233674570    
 xc potential                :     -23.3534485074    
 exchange                    :     -16.6933267090    
 correlation                 :    -0.988308539106    
 total energy                :     -241.621097492    

Density of states at Fermi energy :    61.49574694    
 (states/Hartree/unit cell)

Charges :
 core                        :    4.000000000    
 core leakage                :   0.1454861955E-02
 valence                     :    9.000000000    
 interstitial                :    2.127814854    
 muffin-tins
  species :    1 (Al)
   atom    1                 :    10.87218515    
 total in muffin-tins        :    10.87218515    
 total charge                :    13.00000000    

Iteration time (seconds)                    :         1.65
  Radial APW setup                          :         0.10
  Total for secular equation                :         0.76
    firt-variational                        :         0.75
      setup                                 :         0.10
        setup H (total, MT, IT)             :         0.08        0.07        0.01
        setup O (total, MT, IT)             :         0.03        0.02        0.00
      diagonalization                       :         0.61
    second-variational                      :         0.00
      setup                                 :         0.00
      diagonalization                       :         0.00
  Total for charge and magnetization        :         0.63
    k-point summation                       :         0.54
    symmetrization                          :         0.09
  Total for potential                       :         0.15
  Density matrix setup                      :         0.00

+-------------------------+
| Iteration number :    2 |
+-------------------------+

Energies :
 Fermi                       :     0.263366507814    
 sum of eigenvalues          :     -129.281327889    
 electronic kinetic          :      242.026995934    
 core electron kinetic       :      179.660679502    
 Coulomb                     :     -466.448687583    
 Coulomb potential           :     -347.923739397    
 nuclear-nuclear             :     -43.4835008581    
 electron-nuclear            :     -498.006634052    
 Hartree                     :      75.0414473275    
 Madelung                    :     -292.486817884    
 xc potential                :     -23.3845844257    
 exchange                    :     -16.7162053445    
 correlation                 :    -0.988913649336    
 total energy                :     -242.126810643    

Density of states at Fermi energy :    78.30361256    
 (states/Hartree/unit cell)

Charges :
 core                        :    4.000000000    
 core leakage                :   0.1400054557E-02
 valence                     :    9.000000000    
 interstitial                :    2.111329575    
 muffin-tins
  species :    1 (Al)
   atom    1                 :    10.88867042    
 total in muffin-tins        :    10.88867042    
 total charge                :    13.00000000    

Wrote STATE.OUT

RMS change in effective potential (target) :   0.1249321908E-01 (  0.1000000000E-05)

Iteration time (seconds)                    :         1.69
  Radial APW setup                          :         0.10
  Total for secular equation                :         0.76
    firt-variational                        :         0.76
      setup                                 :         0.11
        setup H (total, MT, IT)             :         0.07        0.07        0.00
        setup O (total, MT, IT)             :         0.03        0.03        0.00
      diagonalization                       :         0.61
    second-variational                      :         0.00
      setup                                 :         0.00
      diagonalization                       :         0.00
  Total for charge and magnetization        :         0.63
    k-point summation                       :         0.54
    symmetrization                          :         0.09
  Total for potential                       :         0.15
  Density matrix setup                      :         0.00

+-------------------------+
| Iteration number :    3 |
+-------------------------+

Energies :
 Fermi                       :     0.263541028486    
 sum of eigenvalues          :     -129.240177795    
 electronic kinetic          :      242.046998222    
 core electron kinetic       :      179.654675924    
 Coulomb                     :     -466.405267100    
 Coulomb potential           :     -347.906738721    
 nuclear-nuclear             :     -43.4835008581    
 electron-nuclear            :     -497.936793761    
 Hartree                     :      75.0150275200    
 Madelung                    :     -292.451897739    
 xc potential                :     -23.3804372958    
 exchange                    :     -16.7131507187    
 correlation                 :    -0.988842197271    
 total energy                :     -242.060261793    

Density of states at Fermi energy :    78.71787730    
 (states/Hartree/unit cell)

Charges :
 core                        :    4.000000000    
 core leakage                :   0.1404762190E-02
 valence                     :    9.000000000    
 interstitial                :    2.112303822    
 muffin-tins
  species :    1 (Al)
   atom    1                 :    10.88769618    
 total in muffin-tins        :    10.88769618    
 total charge                :    13.00000000    

RMS change in effective potential (target) :   0.8276659329E-02 (  0.1000000000E-05)

Iteration time (seconds)                    :         1.70
  Radial APW setup                          :         0.11
  Total for secular equation                :         0.76
    firt-variational                        :         0.76
      setup                                 :         0.10
        setup H (total, MT, IT)             :         0.08        0.07        0.01
        setup O (total, MT, IT)             :         0.02        0.02        0.00
      diagonalization                       :         0.62
    second-variational                      :        -0.00
      setup                                 :         0.00
      diagonalization                       :         0.00
  Total for charge and magnetization        :         0.63
    k-point summation                       :         0.54
    symmetrization                          :         0.09
  Total for potential                       :         0.15
  Density matrix setup                      :         0.00

+-------------------------+
| Iteration number :    4 |
+-------------------------+

Energies :
 Fermi                       :     0.263672599949    
 sum of eigenvalues          :     -129.209559609    
 electronic kinetic          :      242.062378796    
 core electron kinetic       :      179.650930219    
 Coulomb                     :     -466.373690400    
 Coulomb potential           :     -347.894532244    
 nuclear-nuclear             :     -43.4835008581    
 electron-nuclear            :     -497.885846840    
 Hartree                     :      74.9956572980    
 Madelung                    :     -292.426424278    
 xc potential                :     -23.3774061611    
 exchange                    :     -16.7109183217    
 correlation                 :    -0.988789688990    
 total energy                :     -242.011019615    

Density of states at Fermi energy :    78.91472046    
 (states/Hartree/unit cell)

Charges :
 core                        :    4.000000000    
 core leakage                :   0.1408285802E-02
 valence                     :    9.000000000    
 interstitial                :    2.113050530    
 muffin-tins
  species :    1 (Al)
   atom    1                 :    10.88694947    
 total in muffin-tins        :    10.88694947    
 total charge                :    13.00000000    

Wrote STATE.OUT

RMS change in effective potential (target) :   0.5202421529E-02 (  0.1000000000E-05)

Iteration time (seconds)                    :         1.70
  Radial APW setup                          :         0.10
  Total for secular equation                :         0.76
    firt-variational                        :         0.76
      setup                                 :         0.10
        setup H (total, MT, IT)             :         0.07        0.07        0.00
        setup O (total, MT, IT)             :         0.03        0.03        0.00
      diagonalization                       :         0.62
    second-variational                      :         0.00
      setup                                 :         0.00
      diagonalization                       :         0.00
  Total for charge and magnetization        :         0.63
    k-point summation                       :         0.54
    symmetrization                          :         0.09
  Total for potential                       :         0.15
  Density matrix setup                      :         0.00

+-------------------------+
| Iteration number :    5 |
+-------------------------+

Energies :
 Fermi                       :     0.263767780597    
 sum of eigenvalues          :     -129.187800040    
 electronic kinetic          :      242.073714613    
 core electron kinetic       :      179.648854065    
 Coulomb                     :     -466.351824344    
 Coulomb potential           :     -347.886221517    
 nuclear-nuclear             :     -43.4835008581    
 electron-nuclear            :     -497.850425454    
 Hartree                     :      74.9821019689    
 Madelung                    :     -292.408713585    
 xc potential                :     -23.3752931366    
 exchange                    :     -16.7093622901    
 correlation                 :    -0.988752850520    
 total energy                :     -241.976224871    

Density of states at Fermi energy :    78.99132103    
 (states/Hartree/unit cell)

Charges :
 core                        :    4.000000000    
 core leakage                :   0.1410801842E-02
 valence                     :    9.000000000    
 interstitial                :    2.113601398    
 muffin-tins
  species :    1 (Al)
   atom    1                 :    10.88639860    
 total in muffin-tins        :    10.88639860    
 total charge                :    13.00000000    

RMS change in effective potential (target) :   0.3071776612E-02 (  0.1000000000E-05)

Iteration time (seconds)                    :         1.69
  Radial APW setup                          :         0.10
  Total for secular equation                :         0.76
    firt-variational                        :         0.76
      setup                                 :         0.10
        setup H (total, MT, IT)             :         0.08        0.07        0.01
        setup O (total, MT, IT)             :         0.03        0.02        0.00
      diagonalization                       :         0.62
    second-variational                      :        -0.00
      setup                                 :         0.00
      diagonalization                       :         0.00
  Total for charge and magnetization        :         0.63
    k-point summation                       :         0.54
    symmetrization                          :         0.09
  Total for potential                       :         0.15
  Density matrix setup                      :         0.00

+-------------------------+
| Iteration number :    6 |
+-------------------------+

Energies :
 Fermi                       :     0.263833567619    
 sum of eigenvalues          :     -129.173128534    
 electronic kinetic          :      242.081738946    
 core electron kinetic       :      179.647901206    
 Coulomb                     :     -466.337630569    
 Coulomb potential           :     -347.880958906    
 nuclear-nuclear             :     -43.4835008581    
 electron-nuclear            :     -497.827300516    
 Hartree                     :      74.9731708051    
 Madelung                    :     -292.397151116    
 xc potential                :     -23.3739085741    
 exchange                    :     -16.7083428745    
 correlation                 :    -0.988728491214    
 total energy                :     -241.952962989    

Density of states at Fermi energy :    79.01021337    
 (states/Hartree/unit cell)

Charges :
 core                        :    4.000000000    
 core leakage                :   0.1412508185E-02
 valence                     :    9.000000000    
 interstitial                :    2.113990925    
 muffin-tins
  species :    1 (Al)
   atom    1                 :    10.88600907    
 total in muffin-tins        :    10.88600907    
 total charge                :    13.00000000    

Wrote STATE.OUT

RMS change in effective potential (target) :   0.1684914911E-02 (  0.1000000000E-05)

Iteration time (seconds)                    :         1.69
  Radial APW setup                          :         0.10
  Total for secular equation                :         0.75
    firt-variational                        :         0.76
      setup                                 :         0.10
        setup H (total, MT, IT)             :         0.08        0.07        0.01
        setup O (total, MT, IT)             :         0.02        0.02        0.00
      diagonalization                       :         0.62
    second-variational                      :         0.00
      setup                                 :         0.00
      diagonalization                       :         0.00
  Total for charge and magnetization        :         0.63
    k-point summation                       :         0.54
    symmetrization                          :         0.09
  Total for potential                       :         0.15
  Density matrix setup                      :         0.00

+-------------------------+
| Iteration number :    7 |
+-------------------------+

Energies :
 Fermi                       :     0.263876791532    
 sum of eigenvalues          :     -129.163802653    
 electronic kinetic          :      242.087196932    
 core electron kinetic       :      179.647614999    
 Coulomb                     :     -466.329137420    
 Coulomb potential           :     -347.877931168    
 nuclear-nuclear             :     -43.4835008581    
 electron-nuclear            :     -497.813341955    
 Hartree                     :      74.9677053936    
 Madelung                    :     -292.390171836    
 xc potential                :     -23.3730684175    
 exchange                    :     -16.7077244582    
 correlation                 :    -0.988713499869    
 total energy                :     -241.938378446    

Density of states at Fermi energy :    79.00569935    
 (states/Hartree/unit cell)

Charges :
 core                        :    4.000000000    
 core leakage                :   0.1413600232E-02
 valence                     :    9.000000000    
 interstitial                :    2.114254102    
 muffin-tins
  species :    1 (Al)
   atom    1                 :    10.88574590    
 total in muffin-tins        :    10.88574590    
 total charge                :    13.00000000    

RMS change in effective potential (target) :   0.8480888139E-03 (  0.1000000000E-05)

Iteration time (seconds)                    :         1.69
  Radial APW setup                          :         0.10
  Total for secular equation                :         0.76
    firt-variational                        :         0.76
      setup                                 :         0.11
        setup H (total, MT, IT)             :         0.08        0.07        0.01
        setup O (total, MT, IT)             :         0.03        0.03        0.00
      diagonalization                       :         0.60
    second-variational                      :         0.00
      setup                                 :         0.00
      diagonalization                       :         0.00
  Total for charge and magnetization        :         0.63
    k-point summation                       :         0.54
    symmetrization                          :         0.09
  Total for potential                       :         0.15
  Density matrix setup                      :         0.00

+-------------------------+
| Iteration number :    8 |
+-------------------------+

Energies :
 Fermi                       :     0.263903748322    
 sum of eigenvalues          :     -129.158242105    
 electronic kinetic          :      242.090708512    
 core electron kinetic       :      179.647666380    
 Coulomb                     :     -466.324442723    
 Coulomb potential           :     -347.876356264    
 nuclear-nuclear             :     -43.4835008581    
 electron-nuclear            :     -497.805527465    
 Hartree                     :      74.9645856003    
 Madelung                    :     -292.386264591    
 xc potential                :     -23.3725943532    
 exchange                    :     -16.7073756395    
 correlation                 :    -0.988704881763    
 total energy                :     -241.929814732    

Density of states at Fermi energy :    78.99568065    
 (states/Hartree/unit cell)

Charges :
 core                        :    4.000000000    
 core leakage                :   0.1414254882E-02
 valence                     :    9.000000000    
 interstitial                :    2.114423679    
 muffin-tins
  species :    1 (Al)
   atom    1                 :    10.88557632    
 total in muffin-tins        :    10.88557632    
 total charge                :    13.00000000    

Wrote STATE.OUT

RMS change in effective potential (target) :   0.3828223054E-03 (  0.1000000000E-05)

Iteration time (seconds)                    :         1.69
  Radial APW setup                          :         0.10
  Total for secular equation                :         0.75
    firt-variational                        :         0.75
      setup                                 :         0.10
        setup H (total, MT, IT)             :         0.08        0.07        0.01
        setup O (total, MT, IT)             :         0.03        0.02        0.00
      diagonalization                       :         0.61
    second-variational                      :         0.00
      setup                                 :         0.00
      diagonalization                       :         0.00
  Total for charge and magnetization        :         0.63
    k-point summation                       :         0.54
    symmetrization                          :         0.09
  Total for potential                       :         0.15
  Density matrix setup                      :         0.00

+-------------------------+
| Iteration number :    9 |
+-------------------------+

Energies :
 Fermi                       :     0.263919588290    
 sum of eigenvalues          :     -129.155160395    
 electronic kinetic          :      242.092876548    
 core electron kinetic       :      179.647832057    
 Coulomb                     :     -466.322170346    
 Coulomb potential           :     -347.875680339    
 nuclear-nuclear             :     -43.4835008581    
 electron-nuclear            :     -497.801658636    
 Hartree                     :      74.9629891487    
 Madelung                    :     -292.384330176    
 xc potential                :     -23.3723566039    
 exchange                    :     -16.7072008181    
 correlation                 :    -0.988700415211    
 total energy                :     -241.925195031    

Density of states at Fermi energy :    78.98605920    
 (states/Hartree/unit cell)

Charges :
 core                        :    4.000000000    
 core leakage                :   0.1414621506E-02
 valence                     :    9.000000000    
 interstitial                :    2.114527425    
 muffin-tins
  species :    1 (Al)
   atom    1                 :    10.88547258    
 total in muffin-tins        :    10.88547258    
 total charge                :    13.00000000    

RMS change in effective potential (target) :   0.1524842919E-03 (  0.1000000000E-05)

Iteration time (seconds)                    :         1.70
  Radial APW setup                          :         0.10
  Total for secular equation                :         0.76
    firt-variational                        :         0.76
      setup                                 :         0.11
        setup H (total, MT, IT)             :         0.07        0.07        0.00
        setup O (total, MT, IT)             :         0.03        0.03        0.00
      diagonalization                       :         0.62
    second-variational                      :         0.00
      setup                                 :         0.00
      diagonalization                       :         0.00
  Total for charge and magnetization        :         0.63
    k-point summation                       :         0.54
    symmetrization                          :         0.09
  Total for potential                       :         0.15
  Density matrix setup                      :         0.00

+-------------------------+
| Iteration number :   10 |
+-------------------------+

Energies :
 Fermi                       :     0.263928407986    
 sum of eigenvalues          :     -129.153570881    
 electronic kinetic          :      242.094123105    
 core electron kinetic       :      179.648001850    
 Coulomb                     :     -466.321179352    
 Coulomb potential           :     -347.875447078    
 nuclear-nuclear             :     -43.4835008581    
 electron-nuclear            :     -497.799909909    
 Hartree                     :      74.9622314153    
 Madelung                    :     -292.383455813    
 xc potential                :     -23.3722469077    
 exchange                    :     -16.7071202300    
 correlation                 :    -0.988698262475    
 total energy                :     -241.922874739    

Density of states at Fermi energy :    78.97964124    
 (states/Hartree/unit cell)

Charges :
 core                        :    4.000000000    
 core leakage                :   0.1414812561E-02
 valence                     :    9.000000000    
 interstitial                :    2.114587791    
 muffin-tins
  species :    1 (Al)
   atom    1                 :    10.88541221    
 total in muffin-tins        :    10.88541221    
 total charge                :    13.00000000    

Wrote STATE.OUT

RMS change in effective potential (target) :   0.5092792241E-04 (  0.1000000000E-05)

Iteration time (seconds)                    :         1.70
  Radial APW setup                          :         0.10
  Total for secular equation                :         0.76
    firt-variational                        :         0.76
      setup                                 :         0.11
        setup H (total, MT, IT)             :         0.08        0.07        0.00
        setup O (total, MT, IT)             :         0.03        0.02        0.01
      diagonalization                       :         0.62
    second-variational                      :         0.00
      setup                                 :         0.00
      diagonalization                       :         0.00
  Total for charge and magnetization        :         0.63
    k-point summation                       :         0.54
    symmetrization                          :         0.09
  Total for potential                       :         0.15
  Density matrix setup                      :         0.00

+-------------------------+
| Iteration number :   11 |
+-------------------------+

Energies :
 Fermi                       :     0.263933018593    
 sum of eigenvalues          :     -129.152817356    
 electronic kinetic          :      242.094819503    
 core electron kinetic       :      179.648122811    
 Coulomb                     :     -466.320868564    
 Coulomb potential           :     -347.875429669    
 nuclear-nuclear             :     -43.4835008581    
 electron-nuclear            :     -497.799305742    
 Hartree                     :      74.9619380366    
 Madelung                    :     -292.383153729    
 xc potential                :     -23.3722071898    
 exchange                    :     -16.7070911204    
 correlation                 :    -0.988697396617    
 total energy                :     -241.921837578    

Density of states at Fermi energy :    78.97557976    
 (states/Hartree/unit cell)

Charges :
 core                        :    4.000000000    
 core leakage                :   0.1414904063E-02
 valence                     :    9.000000000    
 interstitial                :    2.114620890    
 muffin-tins
  species :    1 (Al)
   atom    1                 :    10.88537911    
 total in muffin-tins        :    10.88537911    
 total charge                :    13.00000000    

RMS change in effective potential (target) :   0.1545027735E-04 (  0.1000000000E-05)

Iteration time (seconds)                    :         1.70
  Radial APW setup                          :         0.10
  Total for secular equation                :         0.76
    firt-variational                        :         0.76
      setup                                 :         0.10
        setup H (total, MT, IT)             :         0.08        0.07        0.00
        setup O (total, MT, IT)             :         0.03        0.02        0.00
      diagonalization                       :         0.61
    second-variational                      :         0.00
      setup                                 :         0.00
      diagonalization                       :         0.00
  Total for charge and magnetization        :         0.63
    k-point summation                       :         0.54
    symmetrization                          :         0.09
  Total for potential                       :         0.15
  Density matrix setup                      :         0.00

+-------------------------+
| Iteration number :   12 |
+-------------------------+

Energies :
 Fermi                       :     0.263935323200    
 sum of eigenvalues          :     -129.152477590    
 electronic kinetic          :      242.095166964    
 core electron kinetic       :      179.648199901    
 Coulomb                     :     -466.320772093    
 Coulomb potential           :     -347.875452469    
 nuclear-nuclear             :     -43.4835008581    
 electron-nuclear            :     -497.799090000    
 Hartree                     :      74.9618187655    
 Madelung                    :     -292.383045858    
 xc potential                :     -23.3721920854    
 exchange                    :     -16.7070800760    
 correlation                 :    -0.988697035148    
 total energy                :     -241.921382239    

Density of states at Fermi energy :    78.97336368    
 (states/Hartree/unit cell)

Charges :
 core                        :    4.000000000    
 core leakage                :   0.1414946210E-02
 valence                     :    9.000000000    
 interstitial                :    2.114638127    
 muffin-tins
  species :    1 (Al)
   atom    1                 :    10.88536187    
 total in muffin-tins        :    10.88536187    
 total charge                :    13.00000000    

Wrote STATE.OUT

RMS change in effective potential (target) :   0.4828933924E-05 (  0.1000000000E-05)

Iteration time (seconds)                    :         1.73
  Radial APW setup                          :         0.11
  Total for secular equation                :         0.79
    firt-variational                        :         0.78
      setup                                 :         0.11
        setup H (total, MT, IT)             :         0.09        0.08        0.00
        setup O (total, MT, IT)             :         0.02        0.02        0.00
      diagonalization                       :         0.64
    second-variational                      :         0.00
      setup                                 :         0.00
      diagonalization                       :         0.00
  Total for charge and magnetization        :         0.63
    k-point summation                       :         0.54
    symmetrization                          :         0.09
  Total for potential                       :         0.15
  Density matrix setup                      :         0.00

+-------------------------+
| Iteration number :   13 |
+-------------------------+

Energies :
 Fermi                       :     0.263936376758    
 sum of eigenvalues          :     -129.152340115    
 electronic kinetic          :      242.095355216    
 core electron kinetic       :      179.648232912    
 Coulomb                     :     -466.320812141    
 Coulomb potential           :     -347.875502620    
 nuclear-nuclear             :     -43.4835008581    
 electron-nuclear            :     -497.799119946    
 Hartree                     :      74.9618086630    
 Madelung                    :     -292.383060831    
 xc potential                :     -23.3721927107    
 exchange                    :     -16.7070805889    
 correlation                 :    -0.988696980441    
 total energy                :     -241.921234495    

Density of states at Fermi energy :    78.97209437    
 (states/Hartree/unit cell)

Charges :
 core                        :    4.000000000    
 core leakage                :   0.1414963556E-02
 valence                     :    9.000000000    
 interstitial                :    2.114646359    
 muffin-tins
  species :    1 (Al)
   atom    1                 :    10.88535364    
 total in muffin-tins        :    10.88535364    
 total charge                :    13.00000000    

RMS change in effective potential (target) :   0.2309382591E-05 (  0.1000000000E-05)

Iteration time (seconds)                    :         1.73
  Radial APW setup                          :         0.10
  Total for secular equation                :         0.77
    firt-variational                        :         0.77
      setup                                 :         0.11
        setup H (total, MT, IT)             :         0.09        0.08        0.00
        setup O (total, MT, IT)             :         0.03        0.02        0.00
      diagonalization                       :         0.62
    second-variational                      :        -0.00
      setup                                 :         0.00
      diagonalization                       :         0.00
  Total for charge and magnetization        :         0.70
    k-point summation                       :         0.60
    symmetrization                          :         0.09
  Total for potential                       :         0.15
  Density matrix setup                      :         0.00

+-------------------------+
| Iteration number :   14 |
+-------------------------+

Energies :
 Fermi                       :     0.263936883439    
 sum of eigenvalues          :     -129.152273564    
 electronic kinetic          :      242.095445359    
 core electron kinetic       :      179.648248818    
 Coulomb                     :     -466.320830805    
 Coulomb potential           :     -347.875525904    
 nuclear-nuclear             :     -43.4835008581    
 electron-nuclear            :     -497.799133990    
 Hartree                     :      74.9618040431    
 Madelung                    :     -292.383067853    
 xc potential                :     -23.3721930195    
 exchange                    :     -16.7070808412    
 correlation                 :    -0.988696954767    
 total energy                :     -241.921163242    

Density of states at Fermi energy :    78.97183678    
 (states/Hartree/unit cell)

Charges :
 core                        :    4.000000000    
 core leakage                :   0.1414972097E-02
 valence                     :    9.000000000    
 interstitial                :    2.114650144    
 muffin-tins
  species :    1 (Al)
   atom    1                 :    10.88534986    
 total in muffin-tins        :    10.88534986    
 total charge                :    13.00000000    

Wrote STATE.OUT

RMS change in effective potential (target) :   0.1152378221E-05 (  0.1000000000E-05)

Iteration time (seconds)                    :         1.70
  Radial APW setup                          :         0.10
  Total for secular equation                :         0.77
    firt-variational                        :         0.77
      setup                                 :         0.11
        setup H (total, MT, IT)             :         0.08        0.07        0.00
        setup O (total, MT, IT)             :         0.03        0.03        0.00
      diagonalization                       :         0.62
    second-variational                      :         0.00
      setup                                 :         0.00
      diagonalization                       :         0.00
  Total for charge and magnetization        :         0.65
    k-point summation                       :         0.56
    symmetrization                          :         0.09
  Total for potential                       :         0.15
  Density matrix setup                      :         0.00

+-------------------------+
| Iteration number :   15 |
+-------------------------+

Energies :
 Fermi                       :     0.263937074938    
 sum of eigenvalues          :     -129.152245476    
 electronic kinetic          :      242.095462086    
 core electron kinetic       :      179.648259375    
 Coulomb                     :     -466.320799669    
 Coulomb potential           :     -347.875518004    
 nuclear-nuclear             :     -43.4835008581    
 electron-nuclear            :     -497.799079617    
 Hartree                     :      74.9617808066    
 Madelung                    :     -292.383040667    
 xc potential                :     -23.3721895579    
 exchange                    :     -16.7070782937    
 correlation                 :    -0.988696892375    
 total energy                :     -241.921112769    

Density of states at Fermi energy :    78.97147082    
 (states/Hartree/unit cell)

Charges :
 core                        :    4.000000000    
 core leakage                :   0.1414975425E-02
 valence                     :    9.000000000    
 interstitial                :    2.114651692    
 muffin-tins
  species :    1 (Al)
   atom    1                 :    10.88534831    
 total in muffin-tins        :    10.88534831    
 total charge                :    13.00000000    

RMS change in effective potential (target) :   0.1139648558E-05 (  0.1000000000E-05)

Iteration time (seconds)                    :         1.75
  Radial APW setup                          :         0.11
  Total for secular equation                :         0.82
    firt-variational                        :         0.81
      setup                                 :         0.13
        setup H (total, MT, IT)             :         0.10        0.10        0.01
        setup O (total, MT, IT)             :         0.03        0.02        0.00
      diagonalization                       :         0.65
    second-variational                      :         0.00
      setup                                 :         0.00
      diagonalization                       :         0.00
  Total for charge and magnetization        :         0.65
    k-point summation                       :         0.56
    symmetrization                          :         0.09
  Total for potential                       :         0.15
  Density matrix setup                      :         0.00

+-------------------------+
| Iteration number :   16 |
+-------------------------+

Energies :
 Fermi                       :     0.263937119016    
 sum of eigenvalues          :     -129.152244127    
 electronic kinetic          :      242.095467314    
 core electron kinetic       :      179.648261784    
 Coulomb                     :     -466.320805391    
 Coulomb potential           :     -347.875521416    
 nuclear-nuclear             :     -43.4835008581    
 electron-nuclear            :     -497.799087650    
 Hartree                     :      74.9617831173    
 Madelung                    :     -292.383044683    
 xc potential                :     -23.3721900252    
 exchange                    :     -16.7070786398    
 correlation                 :    -0.988696898013    
 total energy                :     -241.921113615    

Density of states at Fermi energy :    78.97144653    
 (states/Hartree/unit cell)

Charges :
 core                        :    4.000000000    
 core leakage                :   0.1414976006E-02
 valence                     :    9.000000000    
 interstitial                :    2.114652044    
 muffin-tins
  species :    1 (Al)
   atom    1                 :    10.88534796    
 total in muffin-tins        :    10.88534796    
 total charge                :    13.00000000    

Wrote STATE.OUT

RMS change in effective potential (target) :   0.6937941643E-06 (  0.1000000000E-05)

Potential convergence target achieved

Iteration time (seconds)                    :         1.66
  Radial APW setup                          :         0.11
  Total for secular equation                :         0.76
    firt-variational                        :         0.75
      setup                                 :         0.11
        setup H (total, MT, IT)             :         0.08        0.07        0.00
        setup O (total, MT, IT)             :         0.03        0.03        0.00
      diagonalization                       :         0.61
    second-variational                      :         0.00
      setup                                 :         0.00
      diagonalization                       :         0.00
  Total for charge and magnetization        :         0.63
    k-point summation                       :         0.54
    symmetrization                          :         0.09
  Total for potential                       :         0.15
  Density matrix setup                      :         0.00

+-------------------------+
| Iteration number :   17 |
+-------------------------+

Energies :
 Fermi                       :     0.263937144164    
 sum of eigenvalues          :     -129.152243874    
 electronic kinetic          :      242.095469469    
 core electron kinetic       :      179.648262624    
 Coulomb                     :     -466.320808203    
 Coulomb potential           :     -347.875523106    
 nuclear-nuclear             :     -43.4835008581    
 electron-nuclear            :     -497.799091585    
 Hartree                     :      74.9617842394    
 Madelung                    :     -292.383046650    
 xc potential                :     -23.3721902370    
 exchange                    :     -16.7070787967    
 correlation                 :    -0.988696900497    
 total energy                :     -241.921114432    

Density of states at Fermi energy :    78.97160382    
 (states/Hartree/unit cell)

Charges :
 core                        :    4.000000000    
 core leakage                :   0.1414975946E-02
 valence                     :    9.000000000    
 interstitial                :    2.114652162    
 muffin-tins
  species :    1 (Al)
   atom    1                 :    10.88534784    
 total in muffin-tins        :    10.88534784    
 total charge                :    13.00000000    

+------------------------------+
| Self-consistent loop stopped |
+------------------------------+

Wrote STATE.OUT

Timings (CPU seconds) :
 initialisation                        :         0.89
 Hamiltonian and overlap matrix set up :         1.84
 first-variational secular equation    :        10.52
 charge density calculation            :         9.18
 potential calculation                 :         2.70
 total                                 :        25.12

+----------------------------------+
| EXCITING version 0.9.224 stopped |
+----------------------------------+
