
+----------------------------+
| Real-space lattice vectors |
+----------------------------+

vector a1 :    0.000000000       3.826298561       3.826298561    
vector a2 :    3.826298561       0.000000000       3.826298561    
vector a3 :    3.826298561       3.826298561       0.000000000    

Stored column-wise as a matrix :
   0.000000000       3.826298561       3.826298561    
   3.826298561       0.000000000       3.826298561    
   3.826298561       3.826298561       0.000000000    

Inverse of matrix :
 -0.1306745911      0.1306745911      0.1306745911    
  0.1306745911     -0.1306745911      0.1306745911    
  0.1306745911      0.1306745911     -0.1306745911    

Unit cell volume :    112.0383125    


+----------------------------------+
| Reciprocal-space lattice vectors |
+----------------------------------+

vector b1 :  -0.8210526710      0.8210526710      0.8210526710    
vector b2 :   0.8210526710     -0.8210526710      0.8210526710    
vector b3 :   0.8210526710      0.8210526710     -0.8210526710    

Stored column-wise as a matrix :
 -0.8210526710      0.8210526710      0.8210526710    
  0.8210526710     -0.8210526710      0.8210526710    
  0.8210526710      0.8210526710     -0.8210526710    

Inverse of matrix :
   0.000000000      0.6089743297      0.6089743297    
  0.6089743297       0.000000000      0.6089743297    
  0.6089743297      0.6089743297       0.000000000    

Brillouin zone volume :    2.213976700    
