
Radius of cluster of nearest neighbours :    20.00000000    

Lattice vectors and limits : 
avec(1)=   0.000000000       3.826298561       3.826298561     length=   5.411203319     llim= 4
avec(2)=   3.826298561       0.000000000       3.826298561     length=   5.411203319     llim= 4
avec(3)=   3.826298561       3.826298561       0.000000000     length=   5.411203319     llim= 4

Atom list : 
 iatom (is ia ias)               pos(lat)                        pos(Cart)
-------------------------------------------------------------------------------------
   Al ( 1  1   1)       0.00000   0.00000   0.00000     0.00000   0.00000   0.00000

Cluster around Al (is ia ias :  1  1   1)
 jatom (js ja jas)   D(a.u.)     D(A)        T                  R(Cart)
----------------------------------------------------------------------------------
   Al ( 1  1   1)    0.00000   0.00000    0  0  0     0.00000   0.00000   0.00000
   Al ( 1  1   1)    5.41120   2.86348   -1  0  1     3.82630   0.00000  -3.82630
   Al ( 1  1   1)    5.41120   2.86348   -1  1  0     3.82630  -3.82630   0.00000
   Al ( 1  1   1)    5.41120   2.86348    0 -1  0    -3.82630   0.00000  -3.82630
   Al ( 1  1   1)    5.41120   2.86348    0 -1  1     0.00000   3.82630  -3.82630
   Al ( 1  1   1)    5.41120   2.86348    0  0 -1    -3.82630  -3.82630   0.00000
   Al ( 1  1   1)    5.41120   2.86348   -1  0  0     0.00000  -3.82630  -3.82630
   Al ( 1  1   1)    5.41120   2.86348    0  0  1     3.82630   3.82630   0.00000
   Al ( 1  1   1)    5.41120   2.86348    0  1 -1     0.00000  -3.82630   3.82630
   Al ( 1  1   1)    5.41120   2.86348    0  1  0     3.82630   0.00000   3.82630
   Al ( 1  1   1)    5.41120   2.86348    1 -1  0    -3.82630   3.82630   0.00000
   Al ( 1  1   1)    5.41120   2.86348    1  0 -1    -3.82630   0.00000   3.82630
   Al ( 1  1   1)    5.41120   2.86348    1  0  0     0.00000   3.82630   3.82630
   Al ( 1  1   1)    7.65259   4.04958    1 -1 -1    -7.65260   0.00000   0.00000
   Al ( 1  1   1)    7.65259   4.04958   -1 -1  1     0.00000   0.00000  -7.65260
   Al ( 1  1   1)    7.65259   4.04958    1 -1  1     0.00000   7.65260   0.00000
   Al ( 1  1   1)    7.65259   4.04958   -1  1  1     7.65260   0.00000   0.00000
   Al ( 1  1   1)    7.65259   4.04958   -1  1 -1     0.00000  -7.65260   0.00000
   Al ( 1  1   1)    7.65259   4.04958    1  1 -1     0.00000   0.00000   7.65260
   Al ( 1  1   1)    9.37247   4.95970    0 -1  2     3.82630   7.65260  -3.82630
   Al ( 1  1   1)    9.37247   4.95970   -2  1  1     7.65260  -3.82630  -3.82630
   Al ( 1  1   1)    9.37247   4.95970   -1  0  2     7.65260   3.82630  -3.82630
   Al ( 1  1   1)    9.37247   4.95970   -1 -1  0    -3.82630  -3.82630  -7.65260
   Al ( 1  1   1)    9.37247   4.95970    0  1 -2    -3.82630  -7.65260   3.82630
   Al ( 1  1   1)    9.37247   4.95970   -2  0  1     3.82630  -3.82630  -7.65260
   Al ( 1  1   1)    9.37247   4.95970   -1 -1  2     3.82630   3.82630  -7.65260
   Al ( 1  1   1)    9.37247   4.95970    0  1  1     7.65260   3.82630   3.82630
   Al ( 1  1   1)    9.37247   4.95970    0  2 -1     3.82630  -3.82630   7.65260
   Al ( 1  1   1)    9.37247   4.95970    1 -2  0    -7.65260   3.82630  -3.82630
   Al ( 1  1   1)    9.37247   4.95970    1 -2  1    -3.82630   7.65260  -3.82630
   Al ( 1  1   1)    9.37247   4.95970   -1  2 -1     3.82630  -7.65260   3.82630
   Al ( 1  1   1)    9.37247   4.95970   -1  2  0     7.65260  -3.82630   3.82630
   Al ( 1  1   1)    9.37247   4.95970    0 -2  1    -3.82630   3.82630  -7.65260
   Al ( 1  1   1)    9.37247   4.95970    1  0 -2    -7.65260  -3.82630   3.82630
   Al ( 1  1   1)    9.37247   4.95970    0 -1 -1    -7.65260  -3.82630  -3.82630
   Al ( 1  1   1)    9.37247   4.95970   -1  0 -1    -3.82630  -7.65260  -3.82630
   Al ( 1  1   1)    9.37247   4.95970    1  0  1     3.82630   7.65260   3.82630
   Al ( 1  1   1)    9.37247   4.95970    1  1 -2    -3.82630  -3.82630   7.65260
   Al ( 1  1   1)    9.37247   4.95970   -2  1  0     3.82630  -7.65260  -3.82630
   Al ( 1  1   1)    9.37247   4.95970    1  1  0     3.82630   3.82630   7.65260
   Al ( 1  1   1)    9.37247   4.95970    2 -1 -1    -7.65260   3.82630   3.82630
   Al ( 1  1   1)    9.37247   4.95970    2 -1  0    -3.82630   7.65260   3.82630
   Al ( 1  1   1)    9.37247   4.95970    2  0 -1    -3.82630   3.82630   7.65260
   Al ( 1  1   1)   10.82240   5.72697    0  2 -2     0.00000  -7.65260   7.65260
   Al ( 1  1   1)   10.82240   5.72697   -2  0  2     7.65260   0.00000  -7.65260
   Al ( 1  1   1)   10.82240   5.72697    0  2  0     7.65260   0.00000   7.65260
   Al ( 1  1   1)   10.82240   5.72697   -2  2  0     7.65260  -7.65260   0.00000
   Al ( 1  1   1)   10.82240   5.72697    0  0  2     7.65260   7.65260   0.00000
   Al ( 1  1   1)   10.82240   5.72697    0 -2  0    -7.65260   0.00000  -7.65260
   Al ( 1  1   1)   10.82240   5.72697    2 -2  0    -7.65260   7.65260   0.00000
   Al ( 1  1   1)   10.82240   5.72697   -2  0  0     0.00000  -7.65260  -7.65260
   Al ( 1  1   1)   10.82240   5.72697    0  0 -2    -7.65260  -7.65260   0.00000
   Al ( 1  1   1)   10.82240   5.72697    2  0 -2    -7.65260   0.00000   7.65260
   Al ( 1  1   1)   10.82240   5.72697    0 -2  2     0.00000   7.65260  -7.65260
   Al ( 1  1   1)   10.82240   5.72697    2  0  0     0.00000   7.65260   7.65260
   Al ( 1  1   1)   12.09981   6.40294   -2  2 -1     3.82630 -11.47890   0.00000
   Al ( 1  1   1)   12.09981   6.40294   -1  2  1    11.47890   0.00000   3.82630
   Al ( 1  1   1)   12.09981   6.40294    1 -1  2     3.82630  11.47890   0.00000
   Al ( 1  1   1)   12.09981   6.40294   -2  1 -1     0.00000 -11.47890  -3.82630
   Al ( 1  1   1)   12.09981   6.40294   -2  2  1    11.47890  -3.82630   0.00000
   Al ( 1  1   1)   12.09981   6.40294   -1 -2  1    -3.82630   0.00000 -11.47890
   Al ( 1  1   1)   12.09981   6.40294   -1  1 -2    -3.82630 -11.47890   0.00000
   Al ( 1  1   1)   12.09981   6.40294   -1 -2  2     0.00000   3.82630 -11.47890
   Al ( 1  1   1)   12.09981   6.40294   -2 -1  2     3.82630   0.00000 -11.47890
   Al ( 1  1   1)   12.09981   6.40294   -2 -1  1     0.00000  -3.82630 -11.47890
   Al ( 1  1   1)   12.09981   6.40294    1  2 -2     0.00000  -3.82630  11.47890
   Al ( 1  1   1)   12.09981   6.40294    1  2 -1     3.82630   0.00000  11.47890
   Al ( 1  1   1)   12.09981   6.40294    2 -2 -1   -11.47890   3.82630   0.00000
   Al ( 1  1   1)   12.09981   6.40294    1 -2 -1   -11.47890   0.00000  -3.82630
   Al ( 1  1   1)   12.09981   6.40294    2 -2  1    -3.82630  11.47890   0.00000
   Al ( 1  1   1)   12.09981   6.40294    2 -1 -2   -11.47890   0.00000   3.82630
   Al ( 1  1   1)   12.09981   6.40294   -1  1  2    11.47890   3.82630   0.00000
   Al ( 1  1   1)   12.09981   6.40294   -1  2 -2     0.00000 -11.47890   3.82630
   Al ( 1  1   1)   12.09981   6.40294    2 -1  1     0.00000  11.47890   3.82630
   Al ( 1  1   1)   12.09981   6.40294    1 -2  2     0.00000  11.47890  -3.82630
   Al ( 1  1   1)   12.09981   6.40294    1 -1 -2   -11.47890  -3.82630   0.00000
   Al ( 1  1   1)   12.09981   6.40294   -2  1  2    11.47890   0.00000  -3.82630
   Al ( 1  1   1)   12.09981   6.40294    2  1 -2    -3.82630   0.00000  11.47890
   Al ( 1  1   1)   12.09981   6.40294    2  1 -1     0.00000   3.82630  11.47890
   Al ( 1  1   1)   13.25468   7.01407   -3  1  1     7.65260  -7.65260  -7.65260
   Al ( 1  1   1)   13.25468   7.01407   -1 -1  3     7.65260   7.65260  -7.65260
   Al ( 1  1   1)   13.25468   7.01407    1  1 -3    -7.65260  -7.65260   7.65260
   Al ( 1  1   1)   13.25468   7.01407   -1 -1 -1    -7.65260  -7.65260  -7.65260
   Al ( 1  1   1)   13.25468   7.01407    1 -3  1    -7.65260   7.65260  -7.65260
   Al ( 1  1   1)   13.25468   7.01407   -1  3 -1     7.65260  -7.65260   7.65260
   Al ( 1  1   1)   13.25468   7.01407    1  1  1     7.65260   7.65260   7.65260
   Al ( 1  1   1)   13.25468   7.01407    3 -1 -1    -7.65260   7.65260   7.65260
   Al ( 1  1   1)   14.31669   7.57607   -1  0 -2    -7.65260 -11.47890  -3.82630
   Al ( 1  1   1)   14.31669   7.57607   -2 -1  3     7.65260   3.82630 -11.47890
   Al ( 1  1   1)   14.31669   7.57607   -2  0 -1    -3.82630 -11.47890  -7.65260
   Al ( 1  1   1)   14.31669   7.57607    0 -2  3     3.82630  11.47890  -7.65260
   Al ( 1  1   1)   14.31669   7.57607    0 -1 -2   -11.47890  -7.65260  -3.82630
   Al ( 1  1   1)   14.31669   7.57607   -3  0  1     3.82630  -7.65260 -11.47890
   Al ( 1  1   1)   14.31669   7.57607   -2  3 -1     7.65260 -11.47890   3.82630
   Al ( 1  1   1)   14.31669   7.57607   -1  0  3    11.47890   7.65260  -3.82630
   Al ( 1  1   1)   14.31669   7.57607    1  0 -3   -11.47890  -7.65260   3.82630
   Al ( 1  1   1)   14.31669   7.57607   -2  3  0    11.47890  -7.65260   3.82630
   Al ( 1  1   1)   14.31669   7.57607    0 -1  3     7.65260  11.47890  -3.82630
   Al ( 1  1   1)   14.31669   7.57607   -1 -2  0    -7.65260  -3.82630 -11.47890
   Al ( 1  1   1)   14.31669   7.57607   -3  1  2    11.47890  -3.82630  -7.65260
   Al ( 1  1   1)   14.31669   7.57607    1  0  2     7.65260  11.47890   3.82630
   Al ( 1  1   1)   14.31669   7.57607   -3  2  0     7.65260 -11.47890  -3.82630
   Al ( 1  1   1)   14.31669   7.57607   -1 -2  3     3.82630   7.65260 -11.47890
   Al ( 1  1   1)   14.31669   7.57607   -2  0  3    11.47890   3.82630  -7.65260
   Al ( 1  1   1)   14.31669   7.57607    0  1 -3    -7.65260 -11.47890   3.82630
   Al ( 1  1   1)   14.31669   7.57607   -3  2  1    11.47890  -7.65260  -3.82630
   Al ( 1  1   1)   14.31669   7.57607    1  2 -3    -3.82630  -7.65260  11.47890
   Al ( 1  1   1)   14.31669   7.57607   -2 -1  0    -3.82630  -7.65260 -11.47890
   Al ( 1  1   1)   14.31669   7.57607   -3  0  2     7.65260  -3.82630 -11.47890
   Al ( 1  1   1)   14.31669   7.57607    1  2  0     7.65260   3.82630  11.47890
   Al ( 1  1   1)   14.31669   7.57607    2 -3  0   -11.47890   7.65260  -3.82630
   Al ( 1  1   1)   14.31669   7.57607    2 -3  1    -7.65260  11.47890  -3.82630
   Al ( 1  1   1)   14.31669   7.57607   -1  3 -2     3.82630 -11.47890   7.65260
   Al ( 1  1   1)   14.31669   7.57607    0  1  2    11.47890   7.65260   3.82630
   Al ( 1  1   1)   14.31669   7.57607    0  2 -3    -3.82630 -11.47890   7.65260
   Al ( 1  1   1)   14.31669   7.57607   -3  1  0     3.82630 -11.47890  -7.65260
   Al ( 1  1   1)   14.31669   7.57607   -1  3  0    11.47890  -3.82630   7.65260
   Al ( 1  1   1)   14.31669   7.57607    0 -3  1    -7.65260   3.82630 -11.47890
   Al ( 1  1   1)   14.31669   7.57607    0  2  1    11.47890   3.82630   7.65260
   Al ( 1  1   1)   14.31669   7.57607    2  0 -3   -11.47890  -3.82630   7.65260
   Al ( 1  1   1)   14.31669   7.57607    0  3 -2     3.82630  -7.65260  11.47890
   Al ( 1  1   1)   14.31669   7.57607    0  3 -1     7.65260  -3.82630  11.47890
   Al ( 1  1   1)   14.31669   7.57607    1 -3  0   -11.47890   3.82630  -7.65260
   Al ( 1  1   1)   14.31669   7.57607    2  0  1     3.82630  11.47890   7.65260
   Al ( 1  1   1)   14.31669   7.57607    2  1 -3    -7.65260  -3.82630  11.47890
   Al ( 1  1   1)   14.31669   7.57607    0 -3  2    -3.82630   7.65260 -11.47890
   Al ( 1  1   1)   14.31669   7.57607    1 -3  2    -3.82630  11.47890  -7.65260
   Al ( 1  1   1)   14.31669   7.57607    2  1  0     3.82630   7.65260  11.47890
   Al ( 1  1   1)   14.31669   7.57607    3 -2 -1   -11.47890   7.65260   3.82630
   Al ( 1  1   1)   14.31669   7.57607    3 -2  0    -7.65260  11.47890   3.82630
   Al ( 1  1   1)   14.31669   7.57607    3 -1 -2   -11.47890   3.82630   7.65260
   Al ( 1  1   1)   14.31669   7.57607    0 -2 -1   -11.47890  -3.82630  -7.65260
   Al ( 1  1   1)   14.31669   7.57607    3 -1  0    -3.82630  11.47890   7.65260
   Al ( 1  1   1)   14.31669   7.57607    3  0 -2    -7.65260   3.82630  11.47890
   Al ( 1  1   1)   14.31669   7.57607    3  0 -1    -3.82630   7.65260  11.47890
   Al ( 1  1   1)   15.30519   8.09916    2 -2  2     0.00000  15.30519   0.00000
   Al ( 1  1   1)   15.30519   8.09916    2 -2 -2   -15.30519   0.00000   0.00000
   Al ( 1  1   1)   15.30519   8.09916   -2  2  2    15.30519   0.00000   0.00000
   Al ( 1  1   1)   15.30519   8.09916   -2  2 -2     0.00000 -15.30519   0.00000
   Al ( 1  1   1)   15.30519   8.09916    2  2 -2     0.00000   0.00000  15.30519
   Al ( 1  1   1)   15.30519   8.09916   -2 -2  2     0.00000   0.00000 -15.30519
   Al ( 1  1   1)   16.23360   8.59045    1 -2  3     3.82630  15.30519  -3.82630
   Al ( 1  1   1)   16.23360   8.59045   -2 -2  1    -3.82630  -3.82630 -15.30519
   Al ( 1  1   1)   16.23360   8.59045   -3  0  3    11.47890   0.00000 -11.47890
   Al ( 1  1   1)   16.23360   8.59045   -2 -2  3     3.82630   3.82630 -15.30519
   Al ( 1  1   1)   16.23360   8.59045   -3  2 -1     3.82630 -15.30519  -3.82630
   Al ( 1  1   1)   16.23360   8.59045    2 -1 -3   -15.30519  -3.82630   3.82630
   Al ( 1  1   1)   16.23360   8.59045   -1  2 -3    -3.82630 -15.30519   3.82630
   Al ( 1  1   1)   16.23360   8.59045   -2  1 -2    -3.82630 -15.30519  -3.82630
   Al ( 1  1   1)   16.23360   8.59045   -2  3 -2     3.82630 -15.30519   3.82630
   Al ( 1  1   1)   16.23360   8.59045   -3 -1  2     3.82630  -3.82630 -15.30519
   Al ( 1  1   1)   16.23360   8.59045    2 -1  2     3.82630  15.30519   3.82630
   Al ( 1  1   1)   16.23360   8.59045   -3  0  0     0.00000 -11.47890 -11.47890
   Al ( 1  1   1)   16.23360   8.59045   -1  2  2    15.30519   3.82630   3.82630
   Al ( 1  1   1)   16.23360   8.59045    0  3 -3     0.00000 -11.47890  11.47890
   Al ( 1  1   1)   16.23360   8.59045   -2  3  1    15.30519  -3.82630   3.82630
   Al ( 1  1   1)   16.23360   8.59045    0  0 -3   -11.47890 -11.47890   0.00000
   Al ( 1  1   1)   16.23360   8.59045    0  3  0    11.47890   0.00000  11.47890
   Al ( 1  1   1)   16.23360   8.59045   -1 -3  2    -3.82630   3.82630 -15.30519
   Al ( 1  1   1)   16.23360   8.59045   -3  2  2    15.30519  -3.82630  -3.82630
   Al ( 1  1   1)   16.23360   8.59045    0 -3  0   -11.47890   0.00000 -11.47890
   Al ( 1  1   1)   16.23360   8.59045    2  2 -3    -3.82630  -3.82630  15.30519
   Al ( 1  1   1)   16.23360   8.59045    1 -2 -2   -15.30519  -3.82630  -3.82630
   Al ( 1  1   1)   16.23360   8.59045    2  2 -1     3.82630   3.82630  15.30519
   Al ( 1  1   1)   16.23360   8.59045    3 -3  0   -11.47890  11.47890   0.00000
   Al ( 1  1   1)   16.23360   8.59045    3 -2 -2   -15.30519   3.82630   3.82630
   Al ( 1  1   1)   16.23360   8.59045   -3  3  0    11.47890 -11.47890   0.00000
   Al ( 1  1   1)   16.23360   8.59045   -2  1  3    15.30519   3.82630  -3.82630
   Al ( 1  1   1)   16.23360   8.59045    3 -2  1    -3.82630  15.30519   3.82630
   Al ( 1  1   1)   16.23360   8.59045    1  3 -2     3.82630  -3.82630  15.30519
   Al ( 1  1   1)   16.23360   8.59045    2 -3 -1   -15.30519   3.82630  -3.82630
   Al ( 1  1   1)   16.23360   8.59045    0  0  3    11.47890  11.47890   0.00000
   Al ( 1  1   1)   16.23360   8.59045    3  0 -3   -11.47890   0.00000  11.47890
   Al ( 1  1   1)   16.23360   8.59045    0 -3  3     0.00000  11.47890 -11.47890
   Al ( 1  1   1)   16.23360   8.59045    2 -3  2    -3.82630  15.30519  -3.82630
   Al ( 1  1   1)   16.23360   8.59045    3  0  0     0.00000  11.47890  11.47890
   Al ( 1  1   1)   16.23360   8.59045    3  1 -2    -3.82630   3.82630  15.30519
   Al ( 1  1   1)   17.11172   9.05513   -1 -3  3     0.00000   7.65260 -15.30519
   Al ( 1  1   1)   17.11172   9.05513   -3 -1  1     0.00000  -7.65260 -15.30519
   Al ( 1  1   1)   17.11172   9.05513   -1  3 -3     0.00000 -15.30519   7.65260
   Al ( 1  1   1)   17.11172   9.05513   -3  3  1    15.30519  -7.65260   0.00000
   Al ( 1  1   1)   17.11172   9.05513   -3 -1  3     7.65260   0.00000 -15.30519
   Al ( 1  1   1)   17.11172   9.05513    3 -3 -1   -15.30519   7.65260   0.00000
   Al ( 1  1   1)   17.11172   9.05513    1 -1 -3   -15.30519  -7.65260   0.00000
   Al ( 1  1   1)   17.11172   9.05513    3 -3  1    -7.65260  15.30519   0.00000
   Al ( 1  1   1)   17.11172   9.05513   -3  1 -1     0.00000 -15.30519  -7.65260
   Al ( 1  1   1)   17.11172   9.05513   -1  3  1    15.30519   0.00000   7.65260
   Al ( 1  1   1)   17.11172   9.05513   -1  1  3    15.30519   7.65260   0.00000
   Al ( 1  1   1)   17.11172   9.05513    1 -3 -1   -15.30519   0.00000  -7.65260
   Al ( 1  1   1)   17.11172   9.05513    3 -1 -3   -15.30519   0.00000   7.65260
   Al ( 1  1   1)   17.11172   9.05513   -3  1  3    15.30519   0.00000  -7.65260
   Al ( 1  1   1)   17.11172   9.05513    1  3 -3     0.00000  -7.65260  15.30519
   Al ( 1  1   1)   17.11172   9.05513    1 -1  3     7.65260  15.30519   0.00000
   Al ( 1  1   1)   17.11172   9.05513    3 -1  1     0.00000  15.30519   7.65260
   Al ( 1  1   1)   17.11172   9.05513    1  3 -1     7.65260   0.00000  15.30519
   Al ( 1  1   1)   17.11172   9.05513   -1 -3  1    -7.65260   0.00000 -15.30519
   Al ( 1  1   1)   17.11172   9.05513   -3  3 -1     7.65260 -15.30519   0.00000
   Al ( 1  1   1)   17.11172   9.05513    1 -3  3     0.00000  15.30519  -7.65260
   Al ( 1  1   1)   17.11172   9.05513    3  1 -3    -7.65260   0.00000  15.30519
   Al ( 1  1   1)   17.11172   9.05513   -1  1 -3    -7.65260 -15.30519   0.00000
   Al ( 1  1   1)   17.11172   9.05513    3  1 -1     0.00000   7.65260  15.30519
   Al ( 1  1   1)   17.94693   9.49711    1 -4  2    -7.65260  11.47890 -11.47890
   Al ( 1  1   1)   17.94693   9.49711   -4  1  1     7.65260 -11.47890 -11.47890
   Al ( 1  1   1)   17.94693   9.49711    1  1  2    11.47890  11.47890   7.65260
   Al ( 1  1   1)   17.94693   9.49711    1  2 -4    -7.65260 -11.47890  11.47890
   Al ( 1  1   1)   17.94693   9.49711   -1 -2 -1   -11.47890  -7.65260 -11.47890
   Al ( 1  1   1)   17.94693   9.49711   -2 -1 -1    -7.65260 -11.47890 -11.47890
   Al ( 1  1   1)   17.94693   9.49711   -2 -1  4    11.47890   7.65260 -11.47890
   Al ( 1  1   1)   17.94693   9.49711   -1 -1  4    11.47890  11.47890  -7.65260
   Al ( 1  1   1)   17.94693   9.49711    1  2  1    11.47890   7.65260  11.47890
   Al ( 1  1   1)   17.94693   9.49711   -2  4 -1    11.47890 -11.47890   7.65260
   Al ( 1  1   1)   17.94693   9.49711   -4  1  2    11.47890  -7.65260 -11.47890
   Al ( 1  1   1)   17.94693   9.49711   -1 -2  4     7.65260  11.47890 -11.47890
   Al ( 1  1   1)   17.94693   9.49711    2 -4  1   -11.47890  11.47890  -7.65260
   Al ( 1  1   1)   17.94693   9.49711   -1 -1 -2   -11.47890 -11.47890  -7.65260
   Al ( 1  1   1)   17.94693   9.49711    2  1 -4   -11.47890  -7.65260  11.47890
   Al ( 1  1   1)   17.94693   9.49711   -1  4 -2     7.65260 -11.47890  11.47890
   Al ( 1  1   1)   17.94693   9.49711    1  1 -4   -11.47890 -11.47890   7.65260
   Al ( 1  1   1)   17.94693   9.49711   -1  4 -1    11.47890  -7.65260  11.47890
   Al ( 1  1   1)   17.94693   9.49711   -4  2  1    11.47890 -11.47890  -7.65260
   Al ( 1  1   1)   17.94693   9.49711    2  1  1     7.65260  11.47890  11.47890
   Al ( 1  1   1)   17.94693   9.49711    1 -4  1   -11.47890   7.65260 -11.47890
   Al ( 1  1   1)   17.94693   9.49711    4 -2 -1   -11.47890  11.47890   7.65260
   Al ( 1  1   1)   17.94693   9.49711    4 -1 -2   -11.47890   7.65260  11.47890
   Al ( 1  1   1)   17.94693   9.49711    4 -1 -1    -7.65260  11.47890  11.47890
   Al ( 1  1   1)   18.74495   9.91940   -2  4 -2     7.65260 -15.30519   7.65260
   Al ( 1  1   1)   18.74495   9.91940    2 -4  0   -15.30519   7.65260  -7.65260
   Al ( 1  1   1)   18.74495   9.91940    2  0 -4   -15.30519  -7.65260   7.65260
   Al ( 1  1   1)   18.74495   9.91940   -4  0  2     7.65260  -7.65260 -15.30519
   Al ( 1  1   1)   18.74495   9.91940    2 -4  2    -7.65260  15.30519  -7.65260
   Al ( 1  1   1)   18.74495   9.91940   -2  4  0    15.30519  -7.65260   7.65260
   Al ( 1  1   1)   18.74495   9.91940    0  4 -2     7.65260  -7.65260  15.30519
   Al ( 1  1   1)   18.74495   9.91940   -4  2  2    15.30519  -7.65260  -7.65260
   Al ( 1  1   1)   18.74495   9.91940    2  0  2     7.65260  15.30519   7.65260
   Al ( 1  1   1)   18.74495   9.91940    0 -2 -2   -15.30519  -7.65260  -7.65260
   Al ( 1  1   1)   18.74495   9.91940   -4  2  0     7.65260 -15.30519  -7.65260
   Al ( 1  1   1)   18.74495   9.91940    0  2 -4    -7.65260 -15.30519   7.65260
   Al ( 1  1   1)   18.74495   9.91940   -2 -2  4     7.65260   7.65260 -15.30519
   Al ( 1  1   1)   18.74495   9.91940   -2 -2  0    -7.65260  -7.65260 -15.30519
   Al ( 1  1   1)   18.74495   9.91940   -2  0  4    15.30519   7.65260  -7.65260
   Al ( 1  1   1)   18.74495   9.91940    2  2 -4    -7.65260  -7.65260  15.30519
   Al ( 1  1   1)   18.74495   9.91940   -2  0 -2    -7.65260 -15.30519  -7.65260
   Al ( 1  1   1)   18.74495   9.91940    0 -2  4     7.65260  15.30519  -7.65260
   Al ( 1  1   1)   18.74495   9.91940    4 -2 -2   -15.30519   7.65260   7.65260
   Al ( 1  1   1)   18.74495   9.91940    0  2  2    15.30519   7.65260   7.65260
   Al ( 1  1   1)   18.74495   9.91940    4 -2  0    -7.65260  15.30519   7.65260
   Al ( 1  1   1)   18.74495   9.91940    2  2  0     7.65260   7.65260  15.30519
   Al ( 1  1   1)   18.74495   9.91940    0 -4  2    -7.65260   7.65260 -15.30519
   Al ( 1  1   1)   18.74495   9.91940    4  0 -2    -7.65260   7.65260  15.30519
   Al ( 1  1   1)   19.51037  10.32444   -3 -2  3     3.82630   0.00000 -19.13149
   Al ( 1  1   1)   19.51037  10.32444   -3 -1  0    -3.82630 -11.47890 -15.30519
   Al ( 1  1   1)   19.51037  10.32444    2 -2  3     3.82630  19.13149   0.00000
   Al ( 1  1   1)   19.51037  10.32444    0 -1  4    11.47890  15.30519  -3.82630
   Al ( 1  1   1)   19.51037  10.32444   -4  1  3    15.30519  -3.82630 -11.47890
   Al ( 1  1   1)   19.51037  10.32444   -4  1  0     3.82630 -15.30519 -11.47890
   Al ( 1  1   1)   19.51037  10.32444   -2  2 -3    -3.82630 -19.13149   0.00000
   Al ( 1  1   1)   19.51037  10.32444   -4  0  1     3.82630 -11.47890 -15.30519
   Al ( 1  1   1)   19.51037  10.32444   -3  2 -2     0.00000 -19.13149  -3.82630
   Al ( 1  1   1)   19.51037  10.32444   -3 -1  4    11.47890   3.82630 -15.30519
   Al ( 1  1   1)   19.51037  10.32444   -3  0 -1    -3.82630 -15.30519 -11.47890
   Al ( 1  1   1)   19.51037  10.32444    0  1 -4   -11.47890 -15.30519   3.82630
   Al ( 1  1   1)   19.51037  10.32444   -4  0  3    11.47890  -3.82630 -15.30519
   Al ( 1  1   1)   19.51037  10.32444    1  0 -4   -15.30519 -11.47890   3.82630
   Al ( 1  1   1)   19.51037  10.32444   -1  4 -3     3.82630 -15.30519  11.47890
   Al ( 1  1   1)   19.51037  10.32444   -2  2  3    19.13149   3.82630   0.00000
   Al ( 1  1   1)   19.51037  10.32444   -2  3 -3     0.00000 -19.13149   3.82630
   Al ( 1  1   1)   19.51037  10.32444   -1  4  0    15.30519  -3.82630  11.47890
   Al ( 1  1   1)   19.51037  10.32444    0 -4  1   -11.47890   3.82630 -15.30519
   Al ( 1  1   1)   19.51037  10.32444    0  1  3    15.30519  11.47890   3.82630
   Al ( 1  1   1)   19.51037  10.32444    1  0  3    11.47890  15.30519   3.82630
   Al ( 1  1   1)   19.51037  10.32444   -1  0 -3   -11.47890 -15.30519  -3.82630
   Al ( 1  1   1)   19.51037  10.32444    0 -4  3    -3.82630  11.47890 -15.30519
   Al ( 1  1   1)   19.51037  10.32444    0 -3 -1   -15.30519  -3.82630 -11.47890
   Al ( 1  1   1)   19.51037  10.32444   -4  3  0    11.47890 -15.30519  -3.82630
   Al ( 1  1   1)   19.51037  10.32444   -3  2  3    19.13149   0.00000  -3.82630
   Al ( 1  1   1)   19.51037  10.32444   -3  3 -2     3.82630 -19.13149   0.00000
   Al ( 1  1   1)   19.51037  10.32444    2  3 -3     0.00000  -3.82630  19.13149
   Al ( 1  1   1)   19.51037  10.32444    2  3 -2     3.82630   0.00000  19.13149
   Al ( 1  1   1)   19.51037  10.32444    3 -4  0   -15.30519  11.47890  -3.82630
   Al ( 1  1   1)   19.51037  10.32444    3 -4  1   -11.47890  15.30519  -3.82630
   Al ( 1  1   1)   19.51037  10.32444    3 -3 -2   -19.13149   3.82630   0.00000
   Al ( 1  1   1)   19.51037  10.32444   -4  3  1    15.30519 -11.47890  -3.82630
   Al ( 1  1   1)   19.51037  10.32444    0  3 -4    -3.82630 -15.30519  11.47890
   Al ( 1  1   1)   19.51037  10.32444    0 -3  4     3.82630  15.30519 -11.47890
   Al ( 1  1   1)   19.51037  10.32444    3 -3  2    -3.82630  19.13149   0.00000
   Al ( 1  1   1)   19.51037  10.32444    3 -2 -3   -19.13149   0.00000   3.82630
   Al ( 1  1   1)   19.51037  10.32444   -2  3  2    19.13149   0.00000   3.82630
   Al ( 1  1   1)   19.51037  10.32444   -3 -2  2     0.00000  -3.82630 -19.13149
   Al ( 1  1   1)   19.51037  10.32444   -1  0  4    15.30519  11.47890  -3.82630
   Al ( 1  1   1)   19.51037  10.32444    0  3  1    15.30519   3.82630  11.47890
   Al ( 1  1   1)   19.51037  10.32444    3 -2  2     0.00000  19.13149   3.82630
   Al ( 1  1   1)   19.51037  10.32444    1  3 -4    -3.82630 -11.47890  15.30519
   Al ( 1  1   1)   19.51037  10.32444    0  4 -3     3.82630 -11.47890  15.30519
   Al ( 1  1   1)   19.51037  10.32444   -3  0  4    15.30519   3.82630 -11.47890
   Al ( 1  1   1)   19.51037  10.32444    0  4 -1    11.47890  -3.82630  15.30519
   Al ( 1  1   1)   19.51037  10.32444    1  3  0    11.47890   3.82630  15.30519
   Al ( 1  1   1)   19.51037  10.32444    3  0 -4   -15.30519  -3.82630  11.47890
   Al ( 1  1   1)   19.51037  10.32444    1 -4  0   -15.30519   3.82630 -11.47890
   Al ( 1  1   1)   19.51037  10.32444   -3  3  2    19.13149  -3.82630   0.00000
   Al ( 1  1   1)   19.51037  10.32444   -1 -3  0   -11.47890  -3.82630 -15.30519
   Al ( 1  1   1)   19.51037  10.32444    2 -3 -2   -19.13149   0.00000  -3.82630
   Al ( 1  1   1)   19.51037  10.32444    3  0  1     3.82630  15.30519  11.47890
   Al ( 1  1   1)   19.51037  10.32444    3  1 -4   -11.47890  -3.82630  15.30519
   Al ( 1  1   1)   19.51037  10.32444    1 -4  3    -3.82630  15.30519 -11.47890
   Al ( 1  1   1)   19.51037  10.32444   -3  4 -1    11.47890 -15.30519   3.82630
   Al ( 1  1   1)   19.51037  10.32444    0 -1 -3   -15.30519 -11.47890  -3.82630
   Al ( 1  1   1)   19.51037  10.32444    3  1  0     3.82630  11.47890  15.30519
   Al ( 1  1   1)   19.51037  10.32444    3  2 -3    -3.82630   0.00000  19.13149
   Al ( 1  1   1)   19.51037  10.32444    3  2 -2     0.00000   3.82630  19.13149
   Al ( 1  1   1)   19.51037  10.32444    4 -3 -1   -15.30519  11.47890   3.82630
   Al ( 1  1   1)   19.51037  10.32444    4 -3  0   -11.47890  15.30519   3.82630
   Al ( 1  1   1)   19.51037  10.32444   -3  4  0    15.30519 -11.47890   3.82630
   Al ( 1  1   1)   19.51037  10.32444    2 -3  3     0.00000  19.13149  -3.82630
   Al ( 1  1   1)   19.51037  10.32444    2 -2 -3   -19.13149  -3.82630   0.00000
   Al ( 1  1   1)   19.51037  10.32444    4 -1 -3   -15.30519   3.82630  11.47890
   Al ( 1  1   1)   19.51037  10.32444   -2 -3  2    -3.82630   0.00000 -19.13149
   Al ( 1  1   1)   19.51037  10.32444   -1 -3  4     3.82630  11.47890 -15.30519
   Al ( 1  1   1)   19.51037  10.32444    4 -1  0    -3.82630  15.30519  11.47890
   Al ( 1  1   1)   19.51037  10.32444    4  0 -3   -11.47890   3.82630  15.30519
   Al ( 1  1   1)   19.51037  10.32444   -2 -3  3     0.00000   3.82630 -19.13149
   Al ( 1  1   1)   19.51037  10.32444    4  0 -1    -3.82630  11.47890  15.30519
